{
  level: 'error',
  message: 'HTTP POST /api/roles/',
  metadata: {
    meta: {
      req: {
        url: '/api/roles/',
        headers: {
          'user-agent': 'vscode-restclient',
          'content-type': 'application/json',
          'accept-encoding': 'gzip, deflate',
          'content-length': '23',
          host: 'localhost:3000',
          connection: 'close'
        },
        method: 'POST',
        httpVersion: '1.1',
        originalUrl: '/api/roles/',
        query: [Object: null prototype] {}
      },
      res: { statusCode: 500 },
      responseTime: 16
    },
    timestamp: '2025-06-13T15:44:19.753Z'
  }
}
